<?xml version="1.0" encoding="UTF-8"?>
<persistence xmlns:xsi="http://www.w3.org/2001/XMLSchema-instance"
             version="2.0" xmlns="http://java.sun.com/xml/ns/persistence"
             xsi:schemaLocation="http://java.sun.com/xml/ns/persistence http://java.sun.com/xml/ns/persistence/persistence_2_0.xsd">
    <persistence-unit name="product-manager_test"
                      transaction-type="JTA">

        <provider>org.hibernate.jpa.HibernatePersistenceProvider</provider>
        <jta-data-source>product-manager_test</jta-data-source>

        <class>br.com.manager.model.entity.Store</class>
        <class>br.com.manager.model.entity.Address</class>
        <class>br.com.manager.model.entity.Product</class>

        <properties>
            <property name="hibernate.hbm2ddl.auto" value="create-drop"/>
            <property name="hibernate.show_sql" value="false"/>
        </properties>

    </persistence-unit>
</persistence>